# JRE version: OpenJDK Runtime Environment (21.0.9) (build 21.0.9+-14787801-b1163.94)
# Java VM: OpenJDK 64-Bit Server VM (21.0.9+-14787801-b1163.94, mixed mode, tiered, compressed oops, compressed class ptrs, g1 gc, windows-amd64)
GC Precious Log:
 CardTable entry size: 512
 Card Set container configuration: InlinePtr #cards 5 size 8 Array Of Cards #cards 12 size 40 Howl #buckets 4 coarsen threshold 1843 Howl Bitmap #cards 512 size 80 coarsen threshold 460 Card regions per heap region 1 cards per card region 2048
 CPUs: 8 total, 8 available
 Memory: 5965M
 Large Page Support: Disabled
 NUMA Support: Disabled
 Compressed Oops: Enabled (32-bit)
 Heap Region Size: 1M
 Heap Min Capacity: 8M
 Heap Initial Capacity: 94M
 Heap Max Capacity: 1G
 Pre-touch: Disabled
 Parallel Workers: 8
 Concurrent Workers: 2
 Concurrent Refinement Workers: 8
 Periodic GC: Disabled
Heap:
 garbage-first heap   total 119808K, used 85275K [0x00000000c0000000, 0x0000000100000000)
  region size 1024K, 19 young (19456K), 2 survivors (2048K)
 Metaspace       used 73219K, committed 74816K, reserved 491520K
  class space    used 10079K, committed 10880K, reserved 425984K
GC Heap History (20 events):
Event: 10.106 GC heap before
{Heap before GC invocations=13 (full 0):
 garbage-first heap   total 72704K, used 63453K [0x00000000c0000000, 0x0000000100000000)
  region size 1024K, 32 young (32768K), 4 survivors (4096K)
 Metaspace       used 55275K, committed 56704K, reserved 491520K
  class space    used 7815K, committed 8448K, reserved 425984K
}
Event: 10.112 GC heap after
{Heap after GC invocations=14 (full 0):
 garbage-first heap   total 72704K, used 35917K [0x00000000c0000000, 0x0000000100000000)
  region size 1024K, 3 young (3072K), 3 survivors (3072K)
 Metaspace       used 55275K, committed 56704K, reserved 491520K
  class space    used 7815K, committed 8448K, reserved 425984K
}
Event: 11.446 GC heap before
{Heap before GC invocations=14 (full 0):
 garbage-first heap   total 72704K, used 63565K [0x00000000c0000000, 0x0000000100000000)
  region size 1024K, 31 young (31744K), 3 survivors (3072K)
 Metaspace       used 56420K, committed 57856K, reserved 491520K
  class space    used 7916K, committed 8576K, reserved 425984K
}
Event: 11.453 GC heap after
{Heap after GC invocations=15 (full 0):
 garbage-first heap   total 72704K, used 40023K [0x00000000c0000000, 0x0000000100000000)
  region size 1024K, 4 young (4096K), 4 survivors (4096K)
 Metaspace       used 56420K, committed 57856K, reserved 491520K
  class space    used 7916K, committed 8576K, reserved 425984K
}
Event: 11.962 GC heap before
{Heap before GC invocations=16 (full 0):
 garbage-first heap   total 72704K, used 70743K [0x00000000c0000000, 0x0000000100000000)
  region size 1024K, 23 young (23552K), 4 survivors (4096K)
 Metaspace       used 56779K, committed 58240K, reserved 491520K
  class space    used 7956K, committed 8640K, reserved 425984K
}
Event: 11.970 GC heap after
{Heap after GC invocations=17 (full 0):
 garbage-first heap   total 82944K, used 57416K [0x00000000c0000000, 0x0000000100000000)
  region size 1024K, 4 young (4096K), 4 survivors (4096K)
 Metaspace       used 56779K, committed 58240K, reserved 491520K
  class space    used 7956K, committed 8640K, reserved 425984K
}
Event: 12.271 GC heap before
{Heap before GC invocations=17 (full 0):
 garbage-first heap   total 82944K, used 72776K [0x00000000c0000000, 0x0000000100000000)
  region size 1024K, 18 young (18432K), 4 survivors (4096K)
 Metaspace       used 57859K, committed 59264K, reserved 491520K
  class space    used 8091K, committed 8768K, reserved 425984K
}
Event: 12.275 GC heap after
{Heap after GC invocations=18 (full 0):
 garbage-first heap   total 100352K, used 61021K [0x00000000c0000000, 0x0000000100000000)
  region size 1024K, 3 young (3072K), 3 survivors (3072K)
 Metaspace       used 57859K, committed 59264K, reserved 491520K
  class space    used 8091K, committed 8768K, reserved 425984K
}
Event: 12.869 GC heap before
{Heap before GC invocations=18 (full 0):
 garbage-first heap   total 100352K, used 87645K [0x00000000c0000000, 0x0000000100000000)
  region size 1024K, 29 young (29696K), 3 survivors (3072K)
 Metaspace       used 60793K, committed 62336K, reserved 491520K
  class space    used 8475K, committed 9216K, reserved 425984K
}
Event: 12.872 GC heap after
{Heap after GC invocations=19 (full 0):
 garbage-first heap   total 100352K, used 61858K [0x00000000c0000000, 0x0000000100000000)
  region size 1024K, 3 young (3072K), 3 survivors (3072K)
 Metaspace       used 60793K, committed 62336K, reserved 491520K
  class space    used 8475K, committed 9216K, reserved 425984K
}
Event: 13.441 GC heap before
{Heap before GC invocations=20 (full 0):
 garbage-first heap   total 104448K, used 88482K [0x00000000c0000000, 0x0000000100000000)
  region size 1024K, 30 young (30720K), 3 survivors (3072K)
 Metaspace       used 64026K, committed 65536K, reserved 491520K
  class space    used 8829K, committed 9536K, reserved 425984K
}
Event: 13.444 GC heap after
{Heap after GC invocations=21 (full 0):
 garbage-first heap   total 104448K, used 62713K [0x00000000c0000000, 0x0000000100000000)
  region size 1024K, 2 young (2048K), 2 survivors (2048K)
 Metaspace       used 64026K, committed 65536K, reserved 491520K
  class space    used 8829K, committed 9536K, reserved 425984K
}
Event: 14.327 GC heap before
{Heap before GC invocations=21 (full 0):
 garbage-first heap   total 104448K, used 94457K [0x00000000c0000000, 0x0000000100000000)
  region size 1024K, 33 young (33792K), 2 survivors (2048K)
 Metaspace       used 69202K, committed 70848K, reserved 491520K
  class space    used 9558K, committed 10368K, reserved 425984K
}
Event: 14.332 GC heap after
{Heap after GC invocations=22 (full 0):
 garbage-first heap   total 104448K, used 65089K [0x00000000c0000000, 0x0000000100000000)
  region size 1024K, 5 young (5120K), 5 survivors (5120K)
 Metaspace       used 69202K, committed 70848K, reserved 491520K
  class space    used 9558K, committed 10368K, reserved 425984K
}
Event: 14.343 GC heap before
{Heap before GC invocations=22 (full 0):
 garbage-first heap   total 104448K, used 65089K [0x00000000c0000000, 0x0000000100000000)
  region size 1024K, 6 young (6144K), 5 survivors (5120K)
 Metaspace       used 69224K, committed 70848K, reserved 491520K
  class space    used 9561K, committed 10368K, reserved 425984K
}
Event: 14.348 GC heap after
{Heap after GC invocations=23 (full 0):
 garbage-first heap   total 104448K, used 65131K [0x00000000c0000000, 0x0000000100000000)
  region size 1024K, 1 young (1024K), 1 survivors (1024K)
 Metaspace       used 69224K, committed 70848K, reserved 491520K
  class space    used 9561K, committed 10368K, reserved 425984K
}
Event: 14.554 GC heap before
{Heap before GC invocations=24 (full 0):
 garbage-first heap   total 119808K, used 89707K [0x00000000c0000000, 0x0000000100000000)
  region size 1024K, 19 young (19456K), 1 survivors (1024K)
 Metaspace       used 69655K, committed 71232K, reserved 491520K
  class space    used 9648K, committed 10432K, reserved 425984K
}
Event: 14.557 GC heap after
{Heap after GC invocations=25 (full 0):
 garbage-first heap   total 119808K, used 67451K [0x00000000c0000000, 0x0000000100000000)
  region size 1024K, 3 young (3072K), 3 survivors (3072K)
 Metaspace       used 69655K, committed 71232K, reserved 491520K
  class space    used 9648K, committed 10432K, reserved 425984K
}
Event: 15.070 GC heap before
{Heap before GC invocations=25 (full 0):
 garbage-first heap   total 119808K, used 92027K [0x00000000c0000000, 0x0000000100000000)
  region size 1024K, 28 young (28672K), 3 survivors (3072K)
 Metaspace       used 71867K, committed 73536K, reserved 491520K
  class space    used 9920K, committed 10752K, reserved 425984K
}
Event: 15.074 GC heap after
{Heap after GC invocations=26 (full 0):
 garbage-first heap   total 119808K, used 68891K [0x00000000c0000000, 0x0000000100000000)
  region size 1024K, 2 young (2048K), 2 survivors (2048K)
 Metaspace       used 71867K, committed 73536K, reserved 491520K
  class space    used 9920K, committed 10752K, reserved 425984K
}

