# JRE version: OpenJDK Runtime Environment (21.0.9) (build 21.0.9+-14787801-b1163.94)
# Java VM: OpenJDK 64-Bit Server VM (21.0.9+-14787801-b1163.94, mixed mode, tiered, compressed oops, compressed class ptrs, g1 gc, windows-amd64)
GC Precious Log:
 CardTable entry size: 512
 Card Set container configuration: InlinePtr #cards 5 size 8 Array Of Cards #cards 12 size 40 Howl #buckets 4 coarsen threshold 1843 Howl Bitmap #cards 512 size 80 coarsen threshold 460 Card regions per heap region 1 cards per card region 2048
 CPUs: 8 total, 8 available
 Memory: 5965M
 Large Page Support: Disabled
 NUMA Support: Disabled
 Compressed Oops: Enabled (32-bit)
 Heap Region Size: 1M
 Heap Min Capacity: 8M
 Heap Initial Capacity: 94M
 Heap Max Capacity: 1G
 Pre-touch: Disabled
 Parallel Workers: 8
 Concurrent Workers: 2
 Concurrent Refinement Workers: 8
 Periodic GC: Disabled
Heap:
 garbage-first heap   total 137216K, used 85703K [0x00000000c0000000, 0x0000000100000000)
  region size 1024K, 5 young (5120K), 2 survivors (2048K)
 Metaspace       used 86118K, committed 87808K, reserved 557056K
  class space    used 11919K, committed 12736K, reserved 425984K
GC Heap History (20 events):
Event: 13.689 GC heap before
{Heap before GC invocations=20 (full 0):
 garbage-first heap   total 104448K, used 76707K [0x00000000c0000000, 0x0000000100000000)
  region size 1024K, 18 young (18432K), 2 survivors (2048K)
 Metaspace       used 62953K, committed 64448K, reserved 491520K
  class space    used 8698K, committed 9408K, reserved 425984K
}
Event: 13.692 GC heap after
{Heap after GC invocations=21 (full 0):
 garbage-first heap   total 104448K, used 62081K [0x00000000c0000000, 0x0000000100000000)
  region size 1024K, 2 young (2048K), 2 survivors (2048K)
 Metaspace       used 62953K, committed 64448K, reserved 491520K
  class space    used 8698K, committed 9408K, reserved 425984K
}
Event: 14.550 GC heap before
{Heap before GC invocations=21 (full 0):
 garbage-first heap   total 104448K, used 89729K [0x00000000c0000000, 0x0000000100000000)
  region size 1024K, 30 young (30720K), 2 survivors (2048K)
 Metaspace       used 67098K, committed 68672K, reserved 491520K
  class space    used 9278K, committed 10048K, reserved 425984K
}
Event: 14.554 GC heap after
{Heap after GC invocations=22 (full 0):
 garbage-first heap   total 104448K, used 63289K [0x00000000c0000000, 0x0000000100000000)
  region size 1024K, 3 young (3072K), 3 survivors (3072K)
 Metaspace       used 67098K, committed 68672K, reserved 491520K
  class space    used 9278K, committed 10048K, reserved 425984K
}
Event: 14.830 GC heap before
{Heap before GC invocations=22 (full 0):
 garbage-first heap   total 104448K, used 75577K [0x00000000c0000000, 0x0000000100000000)
  region size 1024K, 16 young (16384K), 3 survivors (3072K)
 Metaspace       used 69119K, committed 70720K, reserved 491520K
  class space    used 9545K, committed 10304K, reserved 425984K
}
Event: 14.835 GC heap after
{Heap after GC invocations=23 (full 0):
 garbage-first heap   total 104448K, used 64836K [0x00000000c0000000, 0x0000000100000000)
  region size 1024K, 4 young (4096K), 4 survivors (4096K)
 Metaspace       used 69119K, committed 70720K, reserved 491520K
  class space    used 9545K, committed 10304K, reserved 425984K
}
Event: 15.245 GC heap before
{Heap before GC invocations=24 (full 0):
 garbage-first heap   total 119808K, used 99652K [0x00000000c0000000, 0x0000000100000000)
  region size 1024K, 32 young (32768K), 4 survivors (4096K)
 Metaspace       used 70597K, committed 72192K, reserved 491520K
  class space    used 9740K, committed 10496K, reserved 425984K
}
Event: 15.249 GC heap after
{Heap after GC invocations=25 (full 0):
 garbage-first heap   total 119808K, used 67698K [0x00000000c0000000, 0x0000000100000000)
  region size 1024K, 4 young (4096K), 4 survivors (4096K)
 Metaspace       used 70597K, committed 72192K, reserved 491520K
  class space    used 9740K, committed 10496K, reserved 425984K
}
Event: 16.035 GC heap before
{Heap before GC invocations=25 (full 0):
 garbage-first heap   total 119808K, used 102514K [0x00000000c0000000, 0x0000000100000000)
  region size 1024K, 38 young (38912K), 4 survivors (4096K)
 Metaspace       used 73369K, committed 75008K, reserved 491520K
  class space    used 10112K, committed 10880K, reserved 425984K
}
Event: 16.040 GC heap after
{Heap after GC invocations=26 (full 0):
 garbage-first heap   total 119808K, used 69367K [0x00000000c0000000, 0x0000000100000000)
  region size 1024K, 2 young (2048K), 2 survivors (2048K)
 Metaspace       used 73369K, committed 75008K, reserved 491520K
  class space    used 10112K, committed 10880K, reserved 425984K
}
Event: 16.487 GC heap before
{Heap before GC invocations=26 (full 0):
 garbage-first heap   total 119808K, used 82679K [0x00000000c0000000, 0x0000000100000000)
  region size 1024K, 16 young (16384K), 2 survivors (2048K)
 Metaspace       used 74830K, committed 76480K, reserved 491520K
  class space    used 10363K, committed 11200K, reserved 425984K
}
Event: 16.491 GC heap after
{Heap after GC invocations=27 (full 0):
 garbage-first heap   total 119808K, used 69990K [0x00000000c0000000, 0x0000000100000000)
  region size 1024K, 3 young (3072K), 3 survivors (3072K)
 Metaspace       used 74830K, committed 76480K, reserved 491520K
  class space    used 10363K, committed 11200K, reserved 425984K
}
Event: 18.165 GC heap before
{Heap before GC invocations=28 (full 0):
 garbage-first heap   total 124928K, used 109926K [0x00000000c0000000, 0x0000000100000000)
  region size 1024K, 38 young (38912K), 3 survivors (3072K)
 Metaspace       used 79017K, committed 80704K, reserved 557056K
  class space    used 10934K, committed 11776K, reserved 425984K
}
Event: 18.171 GC heap after
{Heap after GC invocations=29 (full 0):
 garbage-first heap   total 124928K, used 76354K [0x00000000c0000000, 0x0000000100000000)
  region size 1024K, 5 young (5120K), 5 survivors (5120K)
 Metaspace       used 79017K, committed 80704K, reserved 557056K
  class space    used 10934K, committed 11776K, reserved 425984K
}
Event: 18.917 GC heap before
{Heap before GC invocations=29 (full 0):
 garbage-first heap   total 124928K, used 112194K [0x00000000c0000000, 0x0000000100000000)
  region size 1024K, 40 young (40960K), 5 survivors (5120K)
 Metaspace       used 81886K, committed 83584K, reserved 557056K
  class space    used 11331K, committed 12160K, reserved 425984K
}
Event: 18.924 GC heap after
{Heap after GC invocations=30 (full 0):
 garbage-first heap   total 124928K, used 78304K [0x00000000c0000000, 0x0000000100000000)
  region size 1024K, 5 young (5120K), 5 survivors (5120K)
 Metaspace       used 81886K, committed 83584K, reserved 557056K
  class space    used 11331K, committed 12160K, reserved 425984K
}
Event: 19.822 GC heap before
{Heap before GC invocations=30 (full 0):
 garbage-first heap   total 124928K, used 112096K [0x00000000c0000000, 0x0000000100000000)
  region size 1024K, 39 young (39936K), 5 survivors (5120K)
 Metaspace       used 83153K, committed 84864K, reserved 557056K
  class space    used 11496K, committed 12352K, reserved 425984K
}
Event: 19.829 GC heap after
{Heap after GC invocations=31 (full 0):
 garbage-first heap   total 124928K, used 81609K [0x00000000c0000000, 0x0000000100000000)
  region size 1024K, 5 young (5120K), 5 survivors (5120K)
 Metaspace       used 83153K, committed 84864K, reserved 557056K
  class space    used 11496K, committed 12352K, reserved 425984K
}
Event: 21.594 GC heap before
{Heap before GC invocations=32 (full 0):
 garbage-first heap   total 137216K, used 114377K [0x00000000c0000000, 0x0000000100000000)
  region size 1024K, 37 young (37888K), 5 survivors (5120K)
 Metaspace       used 85866K, committed 87616K, reserved 557056K
  class space    used 11883K, committed 12736K, reserved 425984K
}
Event: 21.599 GC heap after
{Heap after GC invocations=33 (full 0):
 garbage-first heap   total 137216K, used 83655K [0x00000000c0000000, 0x0000000100000000)
  region size 1024K, 2 young (2048K), 2 survivors (2048K)
 Metaspace       used 85866K, committed 87616K, reserved 557056K
  class space    used 11883K, committed 12736K, reserved 425984K
}

