# JRE version: OpenJDK Runtime Environment (21.0.9) (build 21.0.9+-14787801-b1163.94)
# Java VM: OpenJDK 64-Bit Server VM (21.0.9+-14787801-b1163.94, mixed mode, tiered, compressed oops, compressed class ptrs, g1 gc, windows-amd64)
GC Precious Log:
 CardTable entry size: 512
 Card Set container configuration: InlinePtr #cards 5 size 8 Array Of Cards #cards 12 size 40 Howl #buckets 4 coarsen threshold 1843 Howl Bitmap #cards 512 size 80 coarsen threshold 460 Card regions per heap region 1 cards per card region 2048
 CPUs: 8 total, 8 available
 Memory: 5965M
 Large Page Support: Disabled
 NUMA Support: Disabled
 Compressed Oops: Enabled (32-bit)
 Heap Region Size: 1M
 Heap Min Capacity: 8M
 Heap Initial Capacity: 94M
 Heap Max Capacity: 1492M
 Pre-touch: Disabled
 Parallel Workers: 8
 Concurrent Workers: 2
 Concurrent Refinement Workers: 8
 Periodic GC: Disabled
Heap:
 garbage-first heap   total 114688K, used 70330K [0x00000000a2c00000, 0x0000000100000000)
  region size 1024K, 4 young (4096K), 4 survivors (4096K)
 Metaspace       used 52253K, committed 52992K, reserved 1114112K
  class space    used 6289K, committed 6656K, reserved 1048576K
GC Heap History (20 events):
Event: 4.282 GC heap after
{Heap after GC invocations=14 (full 0):
 garbage-first heap   total 71680K, used 35485K [0x00000000a2c00000, 0x0000000100000000)
  region size 1024K, 3 young (3072K), 3 survivors (3072K)
 Metaspace       used 42795K, committed 43456K, reserved 1114112K
  class space    used 5244K, committed 5568K, reserved 1048576K
}
Event: 4.699 GC heap before
{Heap before GC invocations=14 (full 0):
 garbage-first heap   total 71680K, used 60061K [0x00000000a2c00000, 0x0000000100000000)
  region size 1024K, 27 young (27648K), 3 survivors (3072K)
 Metaspace       used 43716K, committed 44352K, reserved 1114112K
  class space    used 5367K, committed 5696K, reserved 1048576K
}
Event: 4.714 GC heap after
{Heap after GC invocations=15 (full 0):
 garbage-first heap   total 71680K, used 42862K [0x00000000a2c00000, 0x0000000100000000)
  region size 1024K, 4 young (4096K), 4 survivors (4096K)
 Metaspace       used 43716K, committed 44352K, reserved 1114112K
  class space    used 5367K, committed 5696K, reserved 1048576K
}
Event: 4.751 GC heap before
{Heap before GC invocations=15 (full 0):
 garbage-first heap   total 71680K, used 42862K [0x00000000a2c00000, 0x0000000100000000)
  region size 1024K, 5 young (5120K), 4 survivors (4096K)
 Metaspace       used 43979K, committed 44608K, reserved 1114112K
  class space    used 5401K, committed 5696K, reserved 1048576K
}
Event: 4.757 GC heap after
{Heap after GC invocations=16 (full 0):
 garbage-first heap   total 71680K, used 44266K [0x00000000a2c00000, 0x0000000100000000)
  region size 1024K, 1 young (1024K), 1 survivors (1024K)
 Metaspace       used 43979K, committed 44608K, reserved 1114112K
  class space    used 5401K, committed 5696K, reserved 1048576K
}
Event: 5.154 GC heap before
{Heap before GC invocations=17 (full 0):
 garbage-first heap   total 78848K, used 62698K [0x00000000a2c00000, 0x0000000100000000)
  region size 1024K, 17 young (17408K), 1 survivors (1024K)
 Metaspace       used 46071K, committed 46720K, reserved 1114112K
  class space    used 5632K, committed 5952K, reserved 1048576K
}
Event: 5.161 GC heap after
{Heap after GC invocations=18 (full 0):
 garbage-first heap   total 78848K, used 49152K [0x00000000a2c00000, 0x0000000100000000)
  region size 1024K, 3 young (3072K), 3 survivors (3072K)
 Metaspace       used 46071K, committed 46720K, reserved 1114112K
  class space    used 5632K, committed 5952K, reserved 1048576K
}
Event: 5.386 GC heap before
{Heap before GC invocations=18 (full 0):
 garbage-first heap   total 78848K, used 66560K [0x00000000a2c00000, 0x0000000100000000)
  region size 1024K, 21 young (21504K), 3 survivors (3072K)
 Metaspace       used 46373K, committed 47040K, reserved 1114112K
  class space    used 5645K, committed 5952K, reserved 1048576K
}
Event: 5.392 GC heap after
{Heap after GC invocations=19 (full 0):
 garbage-first heap   total 78848K, used 52118K [0x00000000a2c00000, 0x0000000100000000)
  region size 1024K, 3 young (3072K), 3 survivors (3072K)
 Metaspace       used 46373K, committed 47040K, reserved 1114112K
  class space    used 5645K, committed 5952K, reserved 1048576K
}
Event: 5.760 GC heap before
{Heap before GC invocations=19 (full 0):
 garbage-first heap   total 78848K, used 69526K [0x00000000a2c00000, 0x0000000100000000)
  region size 1024K, 20 young (20480K), 3 survivors (3072K)
 Metaspace       used 49172K, committed 49856K, reserved 1114112K
  class space    used 5973K, committed 6336K, reserved 1048576K
}
Event: 5.766 GC heap after
{Heap after GC invocations=20 (full 0):
 garbage-first heap   total 95232K, used 54218K [0x00000000a2c00000, 0x0000000100000000)
  region size 1024K, 2 young (2048K), 2 survivors (2048K)
 Metaspace       used 49172K, committed 49856K, reserved 1114112K
  class space    used 5973K, committed 6336K, reserved 1048576K
}
Event: 5.967 GC heap before
{Heap before GC invocations=21 (full 0):
 garbage-first heap   total 95232K, used 82890K [0x00000000a2c00000, 0x0000000100000000)
  region size 1024K, 29 young (29696K), 2 survivors (2048K)
 Metaspace       used 49323K, committed 49984K, reserved 1114112K
  class space    used 5982K, committed 6336K, reserved 1048576K
}
Event: 5.974 GC heap after
{Heap after GC invocations=22 (full 0):
 garbage-first heap   total 95232K, used 57344K [0x00000000a2c00000, 0x0000000100000000)
  region size 1024K, 4 young (4096K), 4 survivors (4096K)
 Metaspace       used 49323K, committed 49984K, reserved 1114112K
  class space    used 5982K, committed 6336K, reserved 1048576K
}
Event: 6.779 GC heap before
{Heap before GC invocations=22 (full 0):
 garbage-first heap   total 95232K, used 83968K [0x00000000a2c00000, 0x0000000100000000)
  region size 1024K, 29 young (29696K), 4 survivors (4096K)
 Metaspace       used 52123K, committed 52864K, reserved 1114112K
  class space    used 6287K, committed 6656K, reserved 1048576K
}
Event: 6.796 GC heap after
{Heap after GC invocations=23 (full 0):
 garbage-first heap   total 95232K, used 63459K [0x00000000a2c00000, 0x0000000100000000)
  region size 1024K, 4 young (4096K), 4 survivors (4096K)
 Metaspace       used 52123K, committed 52864K, reserved 1114112K
  class space    used 6287K, committed 6656K, reserved 1048576K
}
Event: 7.227 GC heap before
{Heap before GC invocations=23 (full 0):
 garbage-first heap   total 95232K, used 83939K [0x00000000a2c00000, 0x0000000100000000)
  region size 1024K, 25 young (25600K), 4 survivors (4096K)
 Metaspace       used 52246K, committed 52992K, reserved 1114112K
  class space    used 6289K, committed 6656K, reserved 1048576K
}
Event: 7.239 GC heap after
{Heap after GC invocations=24 (full 0):
 garbage-first heap   total 95232K, used 68009K [0x00000000a2c00000, 0x0000000100000000)
  region size 1024K, 4 young (4096K), 4 survivors (4096K)
 Metaspace       used 52246K, committed 52992K, reserved 1114112K
  class space    used 6289K, committed 6656K, reserved 1048576K
}
Event: 7.634 GC heap before
{Heap before GC invocations=25 (full 0):
 garbage-first heap   total 114688K, used 85417K [0x00000000a2c00000, 0x0000000100000000)
  region size 1024K, 21 young (21504K), 4 survivors (4096K)
 Metaspace       used 52253K, committed 52992K, reserved 1114112K
  class space    used 6289K, committed 6656K, reserved 1048576K
}
Event: 7.642 GC heap after
{Heap after GC invocations=26 (full 0):
 garbage-first heap   total 114688K, used 69979K [0x00000000a2c00000, 0x0000000100000000)
  region size 1024K, 3 young (3072K), 3 survivors (3072K)
 Metaspace       used 52253K, committed 52992K, reserved 1114112K
  class space    used 6289K, committed 6656K, reserved 1048576K
}
Event: 7.899 GC heap before
{Heap before GC invocations=26 (full 0):
 garbage-first heap   total 114688K, used 99675K [0x00000000a2c00000, 0x0000000100000000)
  region size 1024K, 32 young (32768K), 3 survivors (3072K)
 Metaspace       used 52253K, committed 52992K, reserved 1114112K
  class space    used 6289K, committed 6656K, reserved 1048576K
}

