# JRE version: OpenJDK Runtime Environment (21.0.9) (build 21.0.9+-14787801-b1163.94)
# Java VM: OpenJDK 64-Bit Server VM (21.0.9+-14787801-b1163.94, mixed mode, tiered, compressed oops, compressed class ptrs, g1 gc, windows-amd64)
GC Precious Log:
 CardTable entry size: 512
 Card Set container configuration: InlinePtr #cards 5 size 8 Array Of Cards #cards 12 size 40 Howl #buckets 4 coarsen threshold 1843 Howl Bitmap #cards 512 size 80 coarsen threshold 460 Card regions per heap region 1 cards per card region 2048
 CPUs: 8 total, 8 available
 Memory: 5965M
 Large Page Support: Disabled
 NUMA Support: Disabled
 Compressed Oops: Enabled (32-bit)
 Heap Region Size: 1M
 Heap Min Capacity: 8M
 Heap Initial Capacity: 94M
 Heap Max Capacity: 1492M
 Pre-touch: Disabled
 Parallel Workers: 8
 Concurrent Workers: 2
 Concurrent Refinement Workers: 8
 Periodic GC: Disabled
Heap:
 garbage-first heap   total 91136K, used 64836K [0x00000000a2c00000, 0x0000000100000000)
  region size 1024K, 10 young (10240K), 3 survivors (3072K)
 Metaspace       used 51937K, committed 52672K, reserved 1114112K
  class space    used 6264K, committed 6592K, reserved 1048576K
GC Heap History (20 events):
Event: 17.292 GC heap before
{Heap before GC invocations=16 (full 0):
 garbage-first heap   total 51200K, used 37211K [0x00000000a2c00000, 0x0000000100000000)
  region size 1024K, 11 young (11264K), 2 survivors (2048K)
 Metaspace       used 39050K, committed 39488K, reserved 1114112K
  class space    used 4792K, committed 4992K, reserved 1048576K
}
Event: 17.297 GC heap after
{Heap after GC invocations=17 (full 0):
 garbage-first heap   total 61440K, used 29649K [0x00000000a2c00000, 0x0000000100000000)
  region size 1024K, 2 young (2048K), 2 survivors (2048K)
 Metaspace       used 39050K, committed 39488K, reserved 1114112K
  class space    used 4792K, committed 4992K, reserved 1048576K
}
Event: 19.269 GC heap before
{Heap before GC invocations=17 (full 0):
 garbage-first heap   total 61440K, used 51153K [0x00000000a2c00000, 0x0000000100000000)
  region size 1024K, 24 young (24576K), 2 survivors (2048K)
 Metaspace       used 42728K, committed 43392K, reserved 1114112K
  class space    used 5249K, committed 5568K, reserved 1048576K
}
Event: 19.281 GC heap after
{Heap after GC invocations=18 (full 0):
 garbage-first heap   total 61440K, used 31973K [0x00000000a2c00000, 0x0000000100000000)
  region size 1024K, 3 young (3072K), 3 survivors (3072K)
 Metaspace       used 42728K, committed 43392K, reserved 1114112K
  class space    used 5249K, committed 5568K, reserved 1048576K
}
Event: 20.663 GC heap before
{Heap before GC invocations=18 (full 0):
 garbage-first heap   total 61440K, used 52453K [0x00000000a2c00000, 0x0000000100000000)
  region size 1024K, 23 young (23552K), 3 survivors (3072K)
 Metaspace       used 43384K, committed 44032K, reserved 1114112K
  class space    used 5320K, committed 5632K, reserved 1048576K
}
Event: 20.681 GC heap after
{Heap after GC invocations=19 (full 0):
 garbage-first heap   total 62464K, used 38434K [0x00000000a2c00000, 0x0000000100000000)
  region size 1024K, 3 young (3072K), 3 survivors (3072K)
 Metaspace       used 43384K, committed 44032K, reserved 1114112K
  class space    used 5320K, committed 5632K, reserved 1048576K
}
Event: 22.296 GC heap before
{Heap before GC invocations=20 (full 0):
 garbage-first heap   total 65536K, used 54818K [0x00000000a2c00000, 0x0000000100000000)
  region size 1024K, 17 young (17408K), 3 survivors (3072K)
 Metaspace       used 46006K, committed 46656K, reserved 1114112K
  class space    used 5638K, committed 5952K, reserved 1048576K
}
Event: 22.306 GC heap after
{Heap after GC invocations=21 (full 0):
 garbage-first heap   total 65536K, used 43547K [0x00000000a2c00000, 0x0000000100000000)
  region size 1024K, 3 young (3072K), 3 survivors (3072K)
 Metaspace       used 46006K, committed 46656K, reserved 1114112K
  class space    used 5638K, committed 5952K, reserved 1048576K
}
Event: 23.372 GC heap before
{Heap before GC invocations=21 (full 0):
 garbage-first heap   total 65536K, used 56859K [0x00000000a2c00000, 0x0000000100000000)
  region size 1024K, 16 young (16384K), 3 survivors (3072K)
 Metaspace       used 46197K, committed 46848K, reserved 1114112K
  class space    used 5638K, committed 5952K, reserved 1048576K
}
Event: 23.379 GC heap after
{Heap after GC invocations=22 (full 0):
 garbage-first heap   total 65536K, used 45549K [0x00000000a2c00000, 0x0000000100000000)
  region size 1024K, 2 young (2048K), 2 survivors (2048K)
 Metaspace       used 46197K, committed 46848K, reserved 1114112K
  class space    used 5638K, committed 5952K, reserved 1048576K
}
Event: 26.456 GC heap before
{Heap before GC invocations=22 (full 0):
 garbage-first heap   total 65536K, used 57837K [0x00000000a2c00000, 0x0000000100000000)
  region size 1024K, 14 young (14336K), 2 survivors (2048K)
 Metaspace       used 47986K, committed 48704K, reserved 1114112K
  class space    used 5864K, committed 6208K, reserved 1048576K
}
Event: 26.463 GC heap after
{Heap after GC invocations=23 (full 0):
 garbage-first heap   total 65536K, used 46979K [0x00000000a2c00000, 0x0000000100000000)
  region size 1024K, 2 young (2048K), 2 survivors (2048K)
 Metaspace       used 47986K, committed 48704K, reserved 1114112K
  class space    used 5864K, committed 6208K, reserved 1048576K
}
Event: 28.994 GC heap before
{Heap before GC invocations=24 (full 0):
 garbage-first heap   total 80896K, used 58243K [0x00000000a2c00000, 0x0000000100000000)
  region size 1024K, 13 young (13312K), 2 survivors (2048K)
 Metaspace       used 49133K, committed 49856K, reserved 1114112K
  class space    used 5979K, committed 6336K, reserved 1048576K
}
Event: 29.000 GC heap after
{Heap after GC invocations=25 (full 0):
 garbage-first heap   total 80896K, used 48508K [0x00000000a2c00000, 0x0000000100000000)
  region size 1024K, 2 young (2048K), 2 survivors (2048K)
 Metaspace       used 49133K, committed 49856K, reserved 1114112K
  class space    used 5979K, committed 6336K, reserved 1048576K
}
Event: 29.725 GC heap before
{Heap before GC invocations=25 (full 0):
 garbage-first heap   total 80896K, used 71036K [0x00000000a2c00000, 0x0000000100000000)
  region size 1024K, 24 young (24576K), 2 survivors (2048K)
 Metaspace       used 49314K, committed 49984K, reserved 1114112K
  class space    used 5989K, committed 6336K, reserved 1048576K
}
Event: 29.733 GC heap after
{Heap after GC invocations=26 (full 0):
 garbage-first heap   total 80896K, used 50010K [0x00000000a2c00000, 0x0000000100000000)
  region size 1024K, 3 young (3072K), 3 survivors (3072K)
 Metaspace       used 49314K, committed 49984K, reserved 1114112K
  class space    used 5989K, committed 6336K, reserved 1048576K
}
Event: 31.562 GC heap before
{Heap before GC invocations=26 (full 0):
 garbage-first heap   total 80896K, used 72538K [0x00000000a2c00000, 0x0000000100000000)
  region size 1024K, 25 young (25600K), 3 survivors (3072K)
 Metaspace       used 51767K, committed 52416K, reserved 1114112K
  class space    used 6259K, committed 6592K, reserved 1048576K
}
Event: 31.576 GC heap after
{Heap after GC invocations=27 (full 0):
 garbage-first heap   total 80896K, used 53411K [0x00000000a2c00000, 0x0000000100000000)
  region size 1024K, 4 young (4096K), 4 survivors (4096K)
 Metaspace       used 51767K, committed 52416K, reserved 1114112K
  class space    used 6259K, committed 6592K, reserved 1048576K
}
Event: 32.163 GC heap before
{Heap before GC invocations=28 (full 0):
 garbage-first heap   total 91136K, used 73891K [0x00000000a2c00000, 0x0000000100000000)
  region size 1024K, 22 young (22528K), 4 survivors (4096K)
 Metaspace       used 51867K, committed 52608K, reserved 1114112K
  class space    used 6262K, committed 6592K, reserved 1048576K
}
Event: 32.177 GC heap after
{Heap after GC invocations=29 (full 0):
 garbage-first heap   total 91136K, used 58692K [0x00000000a2c00000, 0x0000000100000000)
  region size 1024K, 3 young (3072K), 3 survivors (3072K)
 Metaspace       used 51867K, committed 52608K, reserved 1114112K
  class space    used 6262K, committed 6592K, reserved 1048576K
}

