# JRE version: OpenJDK Runtime Environment (21.0.9) (build 21.0.9+-14787801-b1163.94)
# Java VM: OpenJDK 64-Bit Server VM (21.0.9+-14787801-b1163.94, mixed mode, tiered, compressed oops, compressed class ptrs, g1 gc, windows-amd64)
GC Precious Log:
 CardTable entry size: 512
 Card Set container configuration: InlinePtr #cards 5 size 8 Array Of Cards #cards 12 size 40 Howl #buckets 4 coarsen threshold 1843 Howl Bitmap #cards 512 size 80 coarsen threshold 460 Card regions per heap region 1 cards per card region 2048
 CPUs: 8 total, 8 available
 Memory: 5965M
 Large Page Support: Disabled
 NUMA Support: Disabled
 Compressed Oops: Enabled (32-bit)
 Heap Region Size: 1M
 Heap Min Capacity: 8M
 Heap Initial Capacity: 94M
 Heap Max Capacity: 1G
 Pre-touch: Disabled
 Parallel Workers: 8
 Concurrent Workers: 2
 Concurrent Refinement Workers: 8
 Periodic GC: Disabled
Heap:
 garbage-first heap   total 430080K, used 272369K [0x00000000c0000000, 0x0000000100000000)
  region size 1024K, 10 young (10240K), 0 survivors (0K)
 Metaspace       used 158674K, committed 160832K, reserved 622592K
  class space    used 21220K, committed 22272K, reserved 425984K
GC Heap History (20 events):
Event: 130.059 GC heap after
{Heap after GC invocations=78 (full 0):
 garbage-first heap   total 360448K, used 233180K [0x00000000c0000000, 0x0000000100000000)
  region size 1024K, 5 young (5120K), 5 survivors (5120K)
 Metaspace       used 139479K, committed 141568K, reserved 557056K
  class space    used 18778K, committed 19840K, reserved 425984K
}
Event: 130.564 GC heap before
{Heap before GC invocations=78 (full 0):
 garbage-first heap   total 360448K, used 325340K [0x00000000c0000000, 0x0000000100000000)
  region size 1024K, 95 young (97280K), 5 survivors (5120K)
 Metaspace       used 139605K, committed 141696K, reserved 557056K
  class space    used 18800K, committed 19840K, reserved 425984K
}
Event: 130.573 GC heap after
{Heap after GC invocations=79 (full 0):
 garbage-first heap   total 360448K, used 234612K [0x00000000c0000000, 0x0000000100000000)
  region size 1024K, 6 young (6144K), 6 survivors (6144K)
 Metaspace       used 139605K, committed 141696K, reserved 557056K
  class space    used 18800K, committed 19840K, reserved 425984K
}
Event: 130.720 GC heap before
{Heap before GC invocations=79 (full 0):
 garbage-first heap   total 360448K, used 297076K [0x00000000c0000000, 0x0000000100000000)
  region size 1024K, 68 young (69632K), 6 survivors (6144K)
 Metaspace       used 139609K, committed 141696K, reserved 557056K
  class space    used 18801K, committed 19840K, reserved 425984K
}
Event: 130.727 GC heap after
{Heap after GC invocations=80 (full 0):
 garbage-first heap   total 360448K, used 234718K [0x00000000c0000000, 0x0000000100000000)
  region size 1024K, 6 young (6144K), 6 survivors (6144K)
 Metaspace       used 139609K, committed 141696K, reserved 557056K
  class space    used 18801K, committed 19840K, reserved 425984K
}
Event: 134.628 GC heap before
{Heap before GC invocations=81 (full 0):
 garbage-first heap   total 380928K, used 336094K [0x00000000c0000000, 0x0000000100000000)
  region size 1024K, 105 young (107520K), 6 survivors (6144K)
 Metaspace       used 139470K, committed 141632K, reserved 557056K
  class space    used 18797K, committed 19840K, reserved 425984K
}
Event: 134.676 GC heap after
{Heap after GC invocations=82 (full 0):
 garbage-first heap   total 380928K, used 242699K [0x00000000c0000000, 0x0000000100000000)
  region size 1024K, 14 young (14336K), 14 survivors (14336K)
 Metaspace       used 139470K, committed 141632K, reserved 557056K
  class space    used 18797K, committed 19840K, reserved 425984K
}
Event: 137.866 GC heap before
{Heap before GC invocations=82 (full 0):
 garbage-first heap   total 380928K, used 356363K [0x00000000c0000000, 0x0000000100000000)
  region size 1024K, 118 young (120832K), 14 survivors (14336K)
 Metaspace       used 145386K, committed 147520K, reserved 557056K
  class space    used 19396K, committed 20480K, reserved 425984K
}
Event: 137.904 GC heap after
{Heap after GC invocations=83 (full 0):
 garbage-first heap   total 400384K, used 236491K [0x00000000c0000000, 0x0000000100000000)
  region size 1024K, 15 young (15360K), 15 survivors (15360K)
 Metaspace       used 145386K, committed 147520K, reserved 557056K
  class space    used 19396K, committed 20480K, reserved 425984K
}
Event: 141.874 GC heap before
{Heap before GC invocations=83 (full 0):
 garbage-first heap   total 400384K, used 353227K [0x00000000c0000000, 0x0000000100000000)
  region size 1024K, 129 young (132096K), 15 survivors (15360K)
 Metaspace       used 151348K, committed 153408K, reserved 622592K
  class space    used 20216K, committed 21248K, reserved 425984K
}
Event: 141.921 GC heap after
{Heap after GC invocations=84 (full 0):
 garbage-first heap   total 400384K, used 241395K [0x00000000c0000000, 0x0000000100000000)
  region size 1024K, 10 young (10240K), 10 survivors (10240K)
 Metaspace       used 151348K, committed 153408K, reserved 622592K
  class space    used 20216K, committed 21248K, reserved 425984K
}
Event: 144.238 GC heap before
{Heap before GC invocations=84 (full 0):
 garbage-first heap   total 400384K, used 357107K [0x00000000c0000000, 0x0000000100000000)
  region size 1024K, 123 young (125952K), 10 survivors (10240K)
 Metaspace       used 156621K, committed 158720K, reserved 622592K
  class space    used 20982K, committed 22016K, reserved 425984K
}
Event: 144.255 GC heap after
{Heap after GC invocations=85 (full 0):
 garbage-first heap   total 400384K, used 246648K [0x00000000c0000000, 0x0000000100000000)
  region size 1024K, 15 young (15360K), 15 survivors (15360K)
 Metaspace       used 156621K, committed 158720K, reserved 622592K
  class space    used 20982K, committed 22016K, reserved 425984K
}
Event: 146.578 GC heap before
{Heap before GC invocations=86 (full 0):
 garbage-first heap   total 406528K, used 359288K [0x00000000c0000000, 0x0000000100000000)
  region size 1024K, 129 young (132096K), 15 survivors (15360K)
 Metaspace       used 157519K, committed 159680K, reserved 622592K
  class space    used 21080K, committed 22144K, reserved 425984K
}
Event: 146.596 GC heap after
{Heap after GC invocations=87 (full 0):
 garbage-first heap   total 406528K, used 246866K [0x00000000c0000000, 0x0000000100000000)
  region size 1024K, 12 young (12288K), 12 survivors (12288K)
 Metaspace       used 157519K, committed 159680K, reserved 622592K
  class space    used 21080K, committed 22144K, reserved 425984K
}
Event: 153.293 GC heap before
{Heap before GC invocations=87 (full 0):
 garbage-first heap   total 406528K, used 376914K [0x00000000c0000000, 0x0000000100000000)
  region size 1024K, 134 young (137216K), 12 survivors (12288K)
 Metaspace       used 158000K, committed 160128K, reserved 622592K
  class space    used 21117K, committed 22144K, reserved 425984K
}
Event: 153.319 GC heap after
{Heap after GC invocations=88 (full 0):
 garbage-first heap   total 406528K, used 254356K [0x00000000c0000000, 0x0000000100000000)
  region size 1024K, 16 young (16384K), 16 survivors (16384K)
 Metaspace       used 158000K, committed 160128K, reserved 622592K
  class space    used 21117K, committed 22144K, reserved 425984K
}
Event: 162.117 GC heap before
{Heap before GC invocations=88 (full 0):
 garbage-first heap   total 406528K, used 305556K [0x00000000c0000000, 0x0000000100000000)
  region size 1024K, 67 young (68608K), 16 survivors (16384K)
 Metaspace       used 158003K, committed 160128K, reserved 622592K
  class space    used 21117K, committed 22144K, reserved 425984K
}
Event: 162.163 GC heap after
{Heap after GC invocations=89 (full 0):
 garbage-first heap   total 406528K, used 253693K [0x00000000c0000000, 0x0000000100000000)
  region size 1024K, 3 young (3072K), 3 survivors (3072K)
 Metaspace       used 158003K, committed 160128K, reserved 622592K
  class space    used 21117K, committed 22144K, reserved 425984K
}
Event: 165.565 GC heap before
{Heap before GC invocations=90 (full 0):
 garbage-first heap   total 430080K, used 383741K [0x00000000c0000000, 0x0000000100000000)
  region size 1024K, 123 young (125952K), 3 survivors (3072K)
 Metaspace       used 158670K, committed 160832K, reserved 622592K
  class space    used 21219K, committed 22272K, reserved 425984K
}

