# JRE version: OpenJDK Runtime Environment (21.0.9) (build 21.0.9+-14787801-b1163.94)
# Java VM: OpenJDK 64-Bit Server VM (21.0.9+-14787801-b1163.94, mixed mode, tiered, compressed oops, compressed class ptrs, g1 gc, windows-amd64)
GC Precious Log:
 CardTable entry size: 512
 Card Set container configuration: InlinePtr #cards 5 size 8 Array Of Cards #cards 12 size 40 Howl #buckets 4 coarsen threshold 1843 Howl Bitmap #cards 512 size 80 coarsen threshold 460 Card regions per heap region 1 cards per card region 2048
 CPUs: 8 total, 8 available
 Memory: 5965M
 Large Page Support: Disabled
 NUMA Support: Disabled
 Compressed Oops: Enabled (32-bit)
 Heap Region Size: 1M
 Heap Min Capacity: 8M
 Heap Initial Capacity: 94M
 Heap Max Capacity: 1492M
 Pre-touch: Disabled
 Parallel Workers: 8
 Concurrent Workers: 2
 Concurrent Refinement Workers: 8
 Periodic GC: Disabled
Heap:
 garbage-first heap   total 362496K, used 278417K [0x00000000a2c00000, 0x0000000100000000)
  region size 1024K, 75 young (76800K), 13 survivors (13312K)
 Metaspace       used 72008K, committed 72768K, reserved 1114112K
  class space    used 8053K, committed 8448K, reserved 1048576K
GC Heap History (20 events):
Event: 71.119 GC heap before
{Heap before GC invocations=46 (full 0):
 garbage-first heap   total 234496K, used 213830K [0x00000000a2c00000, 0x0000000100000000)
  region size 1024K, 69 young (70656K), 6 survivors (6144K)
 Metaspace       used 69912K, committed 70592K, reserved 1114112K
  class space    used 7910K, committed 8256K, reserved 1048576K
}
Event: 71.140 GC heap after
{Heap after GC invocations=47 (full 0):
 garbage-first heap   total 234496K, used 155344K [0x00000000a2c00000, 0x0000000100000000)
  region size 1024K, 6 young (6144K), 6 survivors (6144K)
 Metaspace       used 69912K, committed 70592K, reserved 1114112K
  class space    used 7910K, committed 8256K, reserved 1048576K
}
Event: 76.068 GC heap before
{Heap before GC invocations=48 (full 0):
 garbage-first heap   total 260096K, used 216784K [0x00000000a2c00000, 0x0000000100000000)
  region size 1024K, 66 young (67584K), 6 survivors (6144K)
 Metaspace       used 70117K, committed 70848K, reserved 1114112K
  class space    used 7921K, committed 8320K, reserved 1048576K
}
Event: 76.089 GC heap after
{Heap after GC invocations=49 (full 0):
 garbage-first heap   total 260096K, used 161096K [0x00000000a2c00000, 0x0000000100000000)
  region size 1024K, 6 young (6144K), 6 survivors (6144K)
 Metaspace       used 70117K, committed 70848K, reserved 1114112K
  class space    used 7921K, committed 8320K, reserved 1048576K
}
Event: 81.465 GC heap before
{Heap before GC invocations=49 (full 0):
 garbage-first heap   total 260096K, used 249160K [0x00000000a2c00000, 0x0000000100000000)
  region size 1024K, 83 young (84992K), 6 survivors (6144K)
 Metaspace       used 70367K, committed 71104K, reserved 1114112K
  class space    used 7939K, committed 8320K, reserved 1048576K
}
Event: 81.493 GC heap after
{Heap after GC invocations=50 (full 0):
 garbage-first heap   total 264192K, used 174571K [0x00000000a2c00000, 0x0000000100000000)
  region size 1024K, 11 young (11264K), 11 survivors (11264K)
 Metaspace       used 70367K, committed 71104K, reserved 1114112K
  class space    used 7939K, committed 8320K, reserved 1048576K
}
Event: 86.343 GC heap before
{Heap before GC invocations=50 (full 0):
 garbage-first heap   total 264192K, used 246251K [0x00000000a2c00000, 0x0000000100000000)
  region size 1024K, 81 young (82944K), 11 survivors (11264K)
 Metaspace       used 70567K, committed 71296K, reserved 1114112K
  class space    used 7939K, committed 8320K, reserved 1048576K
}
Event: 86.382 GC heap after
{Heap after GC invocations=51 (full 0):
 garbage-first heap   total 264192K, used 179938K [0x00000000a2c00000, 0x0000000100000000)
  region size 1024K, 11 young (11264K), 11 survivors (11264K)
 Metaspace       used 70567K, committed 71296K, reserved 1114112K
  class space    used 7939K, committed 8320K, reserved 1048576K
}
Event: 91.047 GC heap before
{Heap before GC invocations=52 (full 0):
 garbage-first heap   total 296960K, used 246498K [0x00000000a2c00000, 0x0000000100000000)
  region size 1024K, 78 young (79872K), 11 survivors (11264K)
 Metaspace       used 70812K, committed 71552K, reserved 1114112K
  class space    used 7941K, committed 8320K, reserved 1048576K
}
Event: 91.077 GC heap after
{Heap after GC invocations=53 (full 0):
 garbage-first heap   total 296960K, used 184139K [0x00000000a2c00000, 0x0000000100000000)
  region size 1024K, 6 young (6144K), 6 survivors (6144K)
 Metaspace       used 70812K, committed 71552K, reserved 1114112K
  class space    used 7941K, committed 8320K, reserved 1048576K
}
Event: 97.219 GC heap before
{Heap before GC invocations=53 (full 0):
 garbage-first heap   total 296960K, used 276299K [0x00000000a2c00000, 0x0000000100000000)
  region size 1024K, 96 young (98304K), 6 survivors (6144K)
 Metaspace       used 70922K, committed 71680K, reserved 1114112K
  class space    used 7943K, committed 8320K, reserved 1048576K
}
Event: 97.244 GC heap after
{Heap after GC invocations=54 (full 0):
 garbage-first heap   total 296960K, used 189403K [0x00000000a2c00000, 0x0000000100000000)
  region size 1024K, 12 young (12288K), 12 survivors (12288K)
 Metaspace       used 70922K, committed 71680K, reserved 1114112K
  class space    used 7943K, committed 8320K, reserved 1048576K
}
Event: 102.511 GC heap before
{Heap before GC invocations=54 (full 0):
 garbage-first heap   total 296960K, used 277467K [0x00000000a2c00000, 0x0000000100000000)
  region size 1024K, 98 young (100352K), 12 survivors (12288K)
 Metaspace       used 71535K, committed 72320K, reserved 1114112K
  class space    used 8023K, committed 8384K, reserved 1048576K
}
Event: 102.564 GC heap after
{Heap after GC invocations=55 (full 0):
 garbage-first heap   total 300032K, used 197031K [0x00000000a2c00000, 0x0000000100000000)
  region size 1024K, 9 young (9216K), 9 survivors (9216K)
 Metaspace       used 71535K, committed 72320K, reserved 1114112K
  class space    used 8023K, committed 8384K, reserved 1048576K
}
Event: 111.202 GC heap before
{Heap before GC invocations=56 (full 0):
 garbage-first heap   total 329728K, used 279975K [0x00000000a2c00000, 0x0000000100000000)
  region size 1024K, 90 young (92160K), 9 survivors (9216K)
 Metaspace       used 71775K, committed 72576K, reserved 1114112K
  class space    used 8045K, committed 8448K, reserved 1048576K
}
Event: 111.230 GC heap after
{Heap after GC invocations=57 (full 0):
 garbage-first heap   total 329728K, used 204291K [0x00000000a2c00000, 0x0000000100000000)
  region size 1024K, 7 young (7168K), 7 survivors (7168K)
 Metaspace       used 71775K, committed 72576K, reserved 1114112K
  class space    used 8045K, committed 8448K, reserved 1048576K
}
Event: 116.300 GC heap before
{Heap before GC invocations=57 (full 0):
 garbage-first heap   total 329728K, used 305667K [0x00000000a2c00000, 0x0000000100000000)
  region size 1024K, 106 young (108544K), 7 survivors (7168K)
 Metaspace       used 71951K, committed 72704K, reserved 1114112K
  class space    used 8053K, committed 8448K, reserved 1048576K
}
Event: 116.325 GC heap after
{Heap after GC invocations=58 (full 0):
 garbage-first heap   total 329728K, used 210373K [0x00000000a2c00000, 0x0000000100000000)
  region size 1024K, 14 young (14336K), 14 survivors (14336K)
 Metaspace       used 71951K, committed 72704K, reserved 1114112K
  class space    used 8053K, committed 8448K, reserved 1048576K
}
Event: 120.623 GC heap before
{Heap before GC invocations=58 (full 0):
 garbage-first heap   total 329728K, used 307653K [0x00000000a2c00000, 0x0000000100000000)
  region size 1024K, 109 young (111616K), 14 survivors (14336K)
 Metaspace       used 71996K, committed 72768K, reserved 1114112K
  class space    used 8053K, committed 8448K, reserved 1048576K
}
Event: 120.659 GC heap after
{Heap after GC invocations=59 (full 0):
 garbage-first heap   total 329728K, used 215953K [0x00000000a2c00000, 0x0000000100000000)
  region size 1024K, 13 young (13312K), 13 survivors (13312K)
 Metaspace       used 71996K, committed 72768K, reserved 1114112K
  class space    used 8053K, committed 8448K, reserved 1048576K
}

