# JRE version: OpenJDK Runtime Environment (21.0.9) (build 21.0.9+-14787801-b1163.94)
# Java VM: OpenJDK 64-Bit Server VM (21.0.9+-14787801-b1163.94, mixed mode, tiered, compressed oops, compressed class ptrs, g1 gc, windows-amd64)
GC Precious Log:
 CardTable entry size: 512
 Card Set container configuration: InlinePtr #cards 5 size 8 Array Of Cards #cards 12 size 40 Howl #buckets 4 coarsen threshold 1843 Howl Bitmap #cards 512 size 80 coarsen threshold 460 Card regions per heap region 1 cards per card region 2048
 CPUs: 8 total, 8 available
 Memory: 5965M
 Large Page Support: Disabled
 NUMA Support: Disabled
 Compressed Oops: Enabled (32-bit)
 Heap Region Size: 1M
 Heap Min Capacity: 8M
 Heap Initial Capacity: 94M
 Heap Max Capacity: 1492M
 Pre-touch: Disabled
 Parallel Workers: 8
 Concurrent Workers: 2
 Concurrent Refinement Workers: 8
 Periodic GC: Disabled
Heap:
 garbage-first heap   total 473088K, used 422844K [0x00000000a2c00000, 0x0000000100000000)
  region size 1024K, 147 young (150528K), 18 survivors (18432K)
 Metaspace       used 72548K, committed 73280K, reserved 1114112K
  class space    used 8081K, committed 8448K, reserved 1048576K
GC Heap History (20 events):
Event: 76.976 GC heap before
{Heap before GC invocations=63 (full 0):
 garbage-first heap   total 363520K, used 312623K [0x00000000a2c00000, 0x0000000100000000)
  region size 1024K, 106 young (108544K), 13 survivors (13312K)
 Metaspace       used 72024K, committed 72768K, reserved 1114112K
  class space    used 8058K, committed 8448K, reserved 1048576K
}
Event: 76.999 GC heap after
{Heap after GC invocations=64 (full 0):
 garbage-first heap   total 363520K, used 223232K [0x00000000a2c00000, 0x0000000100000000)
  region size 1024K, 11 young (11264K), 11 survivors (11264K)
 Metaspace       used 72024K, committed 72768K, reserved 1114112K
  class space    used 8058K, committed 8448K, reserved 1048576K
}
Event: 84.822 GC heap before
{Heap before GC invocations=64 (full 0):
 garbage-first heap   total 363520K, used 342016K [0x00000000a2c00000, 0x0000000100000000)
  region size 1024K, 125 young (128000K), 11 survivors (11264K)
 Metaspace       used 72134K, committed 72896K, reserved 1114112K
  class space    used 8059K, committed 8448K, reserved 1048576K
}
Event: 84.856 GC heap after
{Heap after GC invocations=65 (full 0):
 garbage-first heap   total 364544K, used 230560K [0x00000000a2c00000, 0x0000000100000000)
  region size 1024K, 13 young (13312K), 13 survivors (13312K)
 Metaspace       used 72134K, committed 72896K, reserved 1114112K
  class space    used 8059K, committed 8448K, reserved 1048576K
}
Event: 88.324 GC heap before
{Heap before GC invocations=65 (full 0):
 garbage-first heap   total 364544K, used 343200K [0x00000000a2c00000, 0x0000000100000000)
  region size 1024K, 123 young (125952K), 13 survivors (13312K)
 Metaspace       used 72214K, committed 72960K, reserved 1114112K
  class space    used 8071K, committed 8448K, reserved 1048576K
}
Event: 88.342 GC heap after
{Heap after GC invocations=66 (full 0):
 garbage-first heap   total 364544K, used 236269K [0x00000000a2c00000, 0x0000000100000000)
  region size 1024K, 14 young (14336K), 14 survivors (14336K)
 Metaspace       used 72214K, committed 72960K, reserved 1114112K
  class space    used 8071K, committed 8448K, reserved 1048576K
}
Event: 94.485 GC heap before
{Heap before GC invocations=67 (full 0):
 garbage-first heap   total 396288K, used 342765K [0x00000000a2c00000, 0x0000000100000000)
  region size 1024K, 118 young (120832K), 14 survivors (14336K)
 Metaspace       used 72275K, committed 73024K, reserved 1114112K
  class space    used 8071K, committed 8448K, reserved 1048576K
}
Event: 94.501 GC heap after
{Heap after GC invocations=68 (full 0):
 garbage-first heap   total 396288K, used 242182K [0x00000000a2c00000, 0x0000000100000000)
  region size 1024K, 12 young (12288K), 12 survivors (12288K)
 Metaspace       used 72275K, committed 73024K, reserved 1114112K
  class space    used 8071K, committed 8448K, reserved 1048576K
}
Event: 98.129 GC heap before
{Heap before GC invocations=68 (full 0):
 garbage-first heap   total 396288K, used 373254K [0x00000000a2c00000, 0x0000000100000000)
  region size 1024K, 140 young (143360K), 12 survivors (12288K)
 Metaspace       used 72315K, committed 73024K, reserved 1114112K
  class space    used 8074K, committed 8448K, reserved 1048576K
}
Event: 98.151 GC heap after
{Heap after GC invocations=69 (full 0):
 garbage-first heap   total 398336K, used 249300K [0x00000000a2c00000, 0x0000000100000000)
  region size 1024K, 15 young (15360K), 15 survivors (15360K)
 Metaspace       used 72315K, committed 73024K, reserved 1114112K
  class space    used 8074K, committed 8448K, reserved 1048576K
}
Event: 103.073 GC heap before
{Heap before GC invocations=69 (full 0):
 garbage-first heap   total 398336K, used 376276K [0x00000000a2c00000, 0x0000000100000000)
  region size 1024K, 139 young (142336K), 15 survivors (15360K)
 Metaspace       used 72358K, committed 73088K, reserved 1114112K
  class space    used 8074K, committed 8448K, reserved 1048576K
}
Event: 103.101 GC heap after
{Heap after GC invocations=70 (full 0):
 garbage-first heap   total 400384K, used 257304K [0x00000000a2c00000, 0x0000000100000000)
  region size 1024K, 17 young (17408K), 17 survivors (17408K)
 Metaspace       used 72358K, committed 73088K, reserved 1114112K
  class space    used 8074K, committed 8448K, reserved 1048576K
}
Event: 107.277 GC heap before
{Heap before GC invocations=71 (full 0):
 garbage-first heap   total 430080K, used 378136K [0x00000000a2c00000, 0x0000000100000000)
  region size 1024K, 135 young (138240K), 17 survivors (17408K)
 Metaspace       used 72402K, committed 73152K, reserved 1114112K
  class space    used 8076K, committed 8448K, reserved 1048576K
}
Event: 107.306 GC heap after
{Heap after GC invocations=72 (full 0):
 garbage-first heap   total 430080K, used 265390K [0x00000000a2c00000, 0x0000000100000000)
  region size 1024K, 16 young (16384K), 16 survivors (16384K)
 Metaspace       used 72402K, committed 73152K, reserved 1114112K
  class space    used 8076K, committed 8448K, reserved 1048576K
}
Event: 114.395 GC heap before
{Heap before GC invocations=72 (full 0):
 garbage-first heap   total 430080K, used 405678K [0x00000000a2c00000, 0x0000000100000000)
  region size 1024K, 153 young (156672K), 16 survivors (16384K)
 Metaspace       used 72444K, committed 73152K, reserved 1114112K
  class space    used 8078K, committed 8448K, reserved 1048576K
}
Event: 114.444 GC heap after
{Heap after GC invocations=73 (full 0):
 garbage-first heap   total 434176K, used 272240K [0x00000000a2c00000, 0x0000000100000000)
  region size 1024K, 16 young (16384K), 16 survivors (16384K)
 Metaspace       used 72444K, committed 73152K, reserved 1114112K
  class space    used 8078K, committed 8448K, reserved 1048576K
}
Event: 119.641 GC heap before
{Heap before GC invocations=73 (full 0):
 garbage-first heap   total 434176K, used 410480K [0x00000000a2c00000, 0x0000000100000000)
  region size 1024K, 151 young (154624K), 16 survivors (16384K)
 Metaspace       used 72469K, committed 73216K, reserved 1114112K
  class space    used 8079K, committed 8448K, reserved 1048576K
}
Event: 119.674 GC heap after
{Heap after GC invocations=74 (full 0):
 garbage-first heap   total 438272K, used 282866K [0x00000000a2c00000, 0x0000000100000000)
  region size 1024K, 18 young (18432K), 18 survivors (18432K)
 Metaspace       used 72469K, committed 73216K, reserved 1114112K
  class space    used 8079K, committed 8448K, reserved 1048576K
}
Event: 123.705 GC heap before
{Heap before GC invocations=75 (full 0):
 garbage-first heap   total 473088K, used 412914K [0x00000000a2c00000, 0x0000000100000000)
  region size 1024K, 145 young (148480K), 18 survivors (18432K)
 Metaspace       used 72523K, committed 73280K, reserved 1114112K
  class space    used 8080K, committed 8448K, reserved 1048576K
}
Event: 123.726 GC heap after
{Heap after GC invocations=76 (full 0):
 garbage-first heap   total 473088K, used 291772K [0x00000000a2c00000, 0x0000000100000000)
  region size 1024K, 18 young (18432K), 18 survivors (18432K)
 Metaspace       used 72523K, committed 73280K, reserved 1114112K
  class space    used 8080K, committed 8448K, reserved 1048576K
}

